<?xml version="1.0" encoding="UTF-8"?>
<!-- Generated by org.testng.reporters.JUnitXMLReporter -->
<testsuite ignored="0" hostname="tahmid_anon" failures="0" tests="12" name="Test" time="86.118" errors="0" timestamp="2025-03-06T01:40:33 GMT+06:00">
  <testcase classname="testCases.TC021_AdministratorsAddTest" name="administratorsAdd" time="3.44"/>
  <testcase classname="testCases.TC022_AdministratorsEditTest" name="administratorsEdit" time="7.599"/>
  <testcase classname="testCases.TC023_AdministratorsDeleteTest" name="administratorsDelete" time="2.484"/>
  <testcase classname="testCases.TC024_DeliveryBoyAddTest" name="deliveryBoyAdd" time="3.402"/>
  <testcase classname="testCases.TC025_DeliveryBoyEditTest" name="deliveryBoyEdit" time="7.819"/>
  <testcase classname="testCases.TC026_DeliveryBoyDeleteTest" name="deliveryBoyDelete" time="2.652"/>
  <testcase classname="testCases.TC027_CustomerAddTest" name="customerAdd" time="3.448"/>
  <testcase classname="testCases.TC028_CustomerEditTest" name="customerEdit" time="7.758"/>
  <testcase classname="testCases.TC029_CustomerDeleteTest" name="customerDelete" time="2.826"/>
  <testcase classname="testCases.TC030_EmployeeAddTest" name="employeeAdd" time="3.756"/>
  <testcase classname="testCases.TC031_EmployeeEditTest" name="employeeEdit" time="7.955"/>
  <testcase classname="testCases.TC032_EmployeeDeleteTest" name="employeeDelete" time="2.521"/>
</testsuite> <!-- Test -->
