<?xml version="1.0" encoding="UTF-8"?>
<!-- Generated by org.testng.reporters.JUnitXMLReporter -->
<testsuite ignored="0" hostname="tahmid_anon" failures="1" tests="2" name="Administrators Tests" time="0.055" errors="0" timestamp="2025-03-04T19:20:11 GMT+06:00">
  <testcase classname="testCases.TC021_AdministratorsAddTest" name="administratorsAdd" time="0.011">
    <failure type="java.lang.NullPointerException" message="Cannot invoke &amp;quot;org.apache.logging.log4j.Logger.info(String)&amp;quot; because &amp;quot;this.logger&amp;quot; is null">
      <![CDATA[java.lang.NullPointerException: Cannot invoke "org.apache.logging.log4j.Logger.info(String)" because "this.logger" is null
at testCases.TC021_AdministratorsAddTest.administratorsAdd(TC021_AdministratorsAddTest.java:16)
at java.base/java.util.ArrayList.forEach(ArrayList.java:1597)
... Removed 25 stack frames]]>
    </failure>
  </testcase> <!-- administratorsAdd -->
  <testcase classname="testCases.TC022_AdministratorsEditTest" name="administratorsedit" time="0.0">
    <skipped/>
  </testcase> <!-- administratorsedit -->
</testsuite> <!-- Administrators Tests -->
