<?xml version="1.0" encoding="UTF-8"?>
<!-- Generated by org.testng.reporters.JUnitXMLReporter -->
<testsuite ignored="0" hostname="tahmid_anon" failures="0" tests="5" name="Test" time="101.107" errors="0" timestamp="2025-03-08T01:54:33 GMT+06:00">
  <testcase classname="testCases.TC033_LoginDDT" name="verify_loginDDT" time="20.507"/>
  <testcase classname="testCases.TC033_LoginDDT" name="verify_loginDDT" time="20.414"/>
  <testcase classname="testCases.TC033_LoginDDT" name="verify_loginDDT" time="20.334"/>
  <testcase classname="testCases.TC033_LoginDDT" name="verify_loginDDT" time="20.334"/>
  <testcase classname="testCases.TC033_LoginDDT" name="verify_loginDDT" time="1.216"/>
</testsuite> <!-- Test -->
