<?xml version="1.0" encoding="UTF-8"?>
<!-- Generated by org.testng.reporters.JUnitXMLReporter -->
<testsuite ignored="0" hostname="tahmid_anon" failures="4" tests="5" name="Test" time="87.301" errors="0" timestamp="2025-03-08T17:58:04 GMT+06:00">
  <testcase classname="testCases.TC033_LoginDDT" name="verify_loginDDT" time="20.448">
    <failure type="java.lang.AssertionError" message="Toaster notification text mismatch. Expected: &amp;apos;Login Successfully&amp;apos;, Actual: Toaster notification not found or text not visible expected [true] but found [false]">
      <![CDATA[java.lang.AssertionError: Toaster notification text mismatch. Expected: 'Login Successfully', Actual: Toaster notification not found or text not visible expected [true] but found [false]
at testCases.TC033_LoginDDT.verify_loginDDT(TC033_LoginDDT.java:33)
at java.base/java.util.ArrayList.forEach(ArrayList.java:1597)
... Removed 28 stack frames]]>
    </failure>
  </testcase> <!-- verify_loginDDT -->
  <testcase classname="testCases.TC033_LoginDDT" name="verify_loginDDT" time="20.372">
    <failure type="java.lang.AssertionError" message="Toaster notification text mismatch. Expected: &amp;apos;Login Successfully&amp;apos;, Actual: Toaster notification not found or text not visible expected [true] but found [false]">
      <![CDATA[java.lang.AssertionError: Toaster notification text mismatch. Expected: 'Login Successfully', Actual: Toaster notification not found or text not visible expected [true] but found [false]
at testCases.TC033_LoginDDT.verify_loginDDT(TC033_LoginDDT.java:33)
at java.base/java.util.ArrayList.forEach(ArrayList.java:1597)
... Removed 28 stack frames]]>
    </failure>
  </testcase> <!-- verify_loginDDT -->
  <testcase classname="testCases.TC033_LoginDDT" name="verify_loginDDT" time="20.296">
    <failure type="java.lang.AssertionError" message="Toaster notification text mismatch. Expected: &amp;apos;Login Successfully&amp;apos;, Actual: Toaster notification not found or text not visible expected [true] but found [false]">
      <![CDATA[java.lang.AssertionError: Toaster notification text mismatch. Expected: 'Login Successfully', Actual: Toaster notification not found or text not visible expected [true] but found [false]
at testCases.TC033_LoginDDT.verify_loginDDT(TC033_LoginDDT.java:33)
at java.base/java.util.ArrayList.forEach(ArrayList.java:1597)
... Removed 28 stack frames]]>
    </failure>
  </testcase> <!-- verify_loginDDT -->
  <testcase classname="testCases.TC033_LoginDDT" name="verify_loginDDT" time="20.341">
    <failure type="java.lang.AssertionError" message="Toaster notification text mismatch. Expected: &amp;apos;Login Successfully&amp;apos;, Actual: Toaster notification not found or text not visible expected [true] but found [false]">
      <![CDATA[java.lang.AssertionError: Toaster notification text mismatch. Expected: 'Login Successfully', Actual: Toaster notification not found or text not visible expected [true] but found [false]
at testCases.TC033_LoginDDT.verify_loginDDT(TC033_LoginDDT.java:33)
at java.base/java.util.ArrayList.forEach(ArrayList.java:1597)
... Removed 28 stack frames]]>
    </failure>
  </testcase> <!-- verify_loginDDT -->
  <testcase classname="testCases.TC033_LoginDDT" name="verify_loginDDT" time="1.131"/>
</testsuite> <!-- Test -->
