<?xml version="1.0" encoding="UTF-8"?>
<!-- Generated by org.testng.reporters.JUnitXMLReporter -->
<testsuite ignored="0" hostname="tahmid_anon" failures="1" tests="1" name="Edge Test" time="17.3" errors="0" timestamp="2025-03-07T19:44:57 GMT+06:00">
  <testcase classname="testBase.BaseClass" name="@AfterClass tearDown" time="0.003">
    <failure type="java.util.concurrent.RejectedExecutionException" message="Task java.util.concurrent.FutureTask@6adde17a[Not completed, task = java.util.concurrent.Executors$RunnableAdapter@1a2f98e[Wrapped task = org.openqa.selenium.remote.http.jdk.JdkHttpClient$$Lambda/0x0000015601324880@3854db24]] rejected from java.util.concurrent.ThreadPoolExecutor@5b6d3423[Shutting down, pool size = 1, active threads = 1, queued tasks = 0, completed tasks = 12]">
      <![CDATA[java.util.concurrent.RejectedExecutionException: Task java.util.concurrent.FutureTask@6adde17a[Not completed, task = java.util.concurrent.Executors$RunnableAdapter@1a2f98e[Wrapped task = org.openqa.selenium.remote.http.jdk.JdkHttpClient$$Lambda/0x0000015601324880@3854db24]] rejected from java.util.concurrent.ThreadPoolExecutor@5b6d3423[Shutting down, pool size = 1, active threads = 1, queued tasks = 0, completed tasks = 12]
at java.base/java.util.concurrent.ThreadPoolExecutor$AbortPolicy.rejectedExecution(ThreadPoolExecutor.java:2082)
at java.base/java.util.concurrent.ThreadPoolExecutor.reject(ThreadPoolExecutor.java:841)
at java.base/java.util.concurrent.ThreadPoolExecutor.execute(ThreadPoolExecutor.java:1377)
at java.base/java.util.concurrent.AbstractExecutorService.submit(AbstractExecutorService.java:124)
at org.openqa.selenium.remote.http.jdk.JdkHttpClient.close(JdkHttpClient.java:525)
at org.openqa.selenium.devtools.Connection.close(Connection.java:227)
at org.openqa.selenium.devtools.DevTools.close(DevTools.java:61)
at java.base/java.util.Optional.ifPresent(Optional.java:178)
at org.openqa.selenium.remote.RemoteWebDriver.quit(RemoteWebDriver.java:439)
at org.openqa.selenium.chromium.ChromiumDriver.quit(ChromiumDriver.java:418)
at testBase.BaseClass.tearDown(BaseClass.java:64)
at java.base/java.util.ArrayList.forEach(ArrayList.java:1597)
at java.base/java.util.concurrent.FutureTask.run(FutureTask.java:317)
at java.base/java.util.concurrent.ThreadPoolExecutor.runWorker(ThreadPoolExecutor.java:1144)
at java.base/java.util.concurrent.ThreadPoolExecutor$Worker.run(ThreadPoolExecutor.java:642)
at java.base/java.lang.Thread.run(Thread.java:1575)
... Removed 14 stack frames]]>
    </failure>
  </testcase> <!-- @AfterClass tearDown -->
  <testcase classname="testCases.TC021_AdministratorsAddTest" name="administratorsAdd" time="6.742">
    <failure type="java.lang.AssertionError" message="Test failed due to an exception: Error communicating with the remote browser. It may have died.
Build info: version: &amp;apos;4.29.0&amp;apos;, revision: &amp;apos;5fc1ec94cb&amp;apos;
System info: os.name: &amp;apos;Windows 11&amp;apos;, os.arch: &amp;apos;amd64&amp;apos;, os.version: &amp;apos;10.0&amp;apos;, java.version: &amp;apos;23.0.1&amp;apos;
Driver info: org.openqa.selenium.edge.EdgeDriver
Command: [c5db40520b513784c41084c49d838f8f, findElement [using, value]]
Capabilities {acceptInsecureCerts: false, browserName: MicrosoftEdge, browserVersion: 134.0.3124.51, fedcm:accounts: true, ms:edgeOptions: {debuggerAddress: localhost:53748}, msedge: {msedgedriverVersion: 134.0.3124.51 (10e0bb621722..., userDataDir: C:\Users\tahmi\AppData\Loca...}, networkConnectionEnabled: false, pageLoadStrategy: normal, platformName: windows, proxy: Proxy(), se:cdp: ws://localhost:53748/devtoo..., se:cdpVersion: 134.0.3124.51, setWindowRect: true, strictFileInteractability: false, timeouts: {implicit: 0, pageLoad: 300000, script: 30000}, unhandledPromptBehavior: dismiss and notify, webauthn:extension:credBlob: true, webauthn:extension:largeBlob: true, webauthn:extension:minPinLength: true, webauthn:extension:prf: true, webauthn:virtualAuthenticators: true}
Session ID: c5db40520b513784c41084c49d838f8f">
      <![CDATA[java.lang.AssertionError: Test failed due to an exception: Error communicating with the remote browser. It may have died.
Build info: version: '4.29.0', revision: '5fc1ec94cb'
System info: os.name: 'Windows 11', os.arch: 'amd64', os.version: '10.0', java.version: '23.0.1'
Driver info: org.openqa.selenium.edge.EdgeDriver
Command: [c5db40520b513784c41084c49d838f8f, findElement [using, value]]
Capabilities {acceptInsecureCerts: false, browserName: MicrosoftEdge, browserVersion: 134.0.3124.51, fedcm:accounts: true, ms:edgeOptions: {debuggerAddress: localhost:53748}, msedge: {msedgedriverVersion: 134.0.3124.51 (10e0bb621722..., userDataDir: C:\Users\tahmi\AppData\Loca...}, networkConnectionEnabled: false, pageLoadStrategy: normal, platformName: windows, proxy: Proxy(), se:cdp: ws://localhost:53748/devtoo..., se:cdpVersion: 134.0.3124.51, setWindowRect: true, strictFileInteractability: false, timeouts: {implicit: 0, pageLoad: 300000, script: 30000}, unhandledPromptBehavior: dismiss and notify, webauthn:extension:credBlob: true, webauthn:extension:largeBlob: true, webauthn:extension:minPinLength: true, webauthn:extension:prf: true, webauthn:virtualAuthenticators: true}
Session ID: c5db40520b513784c41084c49d838f8f
at testCases.TC021_AdministratorsAddTest.administratorsAdd(TC021_AdministratorsAddTest.java:61)
at java.base/java.util.ArrayList.forEach(ArrayList.java:1597)
at java.base/java.util.concurrent.FutureTask.run(FutureTask.java:317)
at java.base/java.util.concurrent.ThreadPoolExecutor.runWorker(ThreadPoolExecutor.java:1144)
at java.base/java.util.concurrent.ThreadPoolExecutor$Worker.run(ThreadPoolExecutor.java:642)
at java.base/java.lang.Thread.run(Thread.java:1575)
... Removed 17 stack frames]]>
    </failure>
  </testcase> <!-- administratorsAdd -->
</testsuite> <!-- Edge Test -->
