<?xml version="1.0" encoding="UTF-8"?>
<testng-results ignored="0" total="1" passed="1" failed="0" skipped="0">
  <reporter-output>
  </reporter-output>
  <suite started-at="2025-02-04T00:03:13 GMT+06:00" name="Default suite" finished-at="2025-02-04T00:03:40 GMT+06:00" duration-ms="27461">
    <groups>
    </groups>
    <test started-at="2025-02-04T00:03:13 GMT+06:00" name="Default test" finished-at="2025-02-04T00:03:40 GMT+06:00" duration-ms="27461">
      <class name="testCases.TC010_POSTest">
        <test-method is-config="true" signature="setup()[pri:0, instance:testCases.TC010_POSTest@1aafa419]" started-at="2025-02-04T00:03:13 GMT+06:00" name="setup" finished-at="2025-02-04T00:03:18 GMT+06:00" duration-ms="4828" status="PASS">
          <reporter-output>
          </reporter-output>
        </test-method> <!-- setup -->
        <test-method signature="pos()[pri:0, instance:testCases.TC010_POSTest@1aafa419]" started-at="2025-02-04T00:03:18 GMT+06:00" name="pos" finished-at="2025-02-04T00:03:40 GMT+06:00" duration-ms="22438" status="PASS">
          <reporter-output>
          </reporter-output>
        </test-method> <!-- pos -->
        <test-method is-config="true" signature="tearDown()[pri:0, instance:testCases.TC010_POSTest@1aafa419]" started-at="2025-02-04T00:03:40 GMT+06:00" name="tearDown" finished-at="2025-02-04T00:03:40 GMT+06:00" duration-ms="164" status="PASS">
          <reporter-output>
          </reporter-output>
        </test-method> <!-- tearDown -->
      </class> <!-- testCases.TC010_POSTest -->
    </test> <!-- Default test -->
  </suite> <!-- Default suite -->
</testng-results>
