<?xml version="1.0" encoding="UTF-8"?>
<!-- Generated by org.testng.reporters.JUnitXMLReporter -->
<testsuite ignored="0" hostname="tahmid_anon" failures="0" tests="12" name="Retry Mulitple Tests" time="89.274" errors="0" timestamp="2025-03-15T02:36:43 GMT+06:00">
  <testcase classname="testCases.TC021_AdministratorsAddTest" name="administratorsAdd" time="3.627"/>
  <testcase classname="testCases.TC022_AdministratorsEditTest" name="administratorsEdit" time="7.761"/>
  <testcase classname="testCases.TC023_AdministratorsDeleteTest" name="administratorsDelete" time="2.703"/>
  <testcase classname="testCases.TC024_DeliveryBoyAddTest" name="deliveryBoyAdd" time="3.645"/>
  <testcase classname="testCases.TC025_DeliveryBoyEditTest" name="deliveryBoyEdit" time="7.962"/>
  <testcase classname="testCases.TC026_DeliveryBoyDeleteTest" name="deliveryBoyDelete" time="2.865"/>
  <testcase classname="testCases.TC027_CustomerAddTest" name="customerAdd" time="3.842"/>
  <testcase classname="testCases.TC028_CustomerEditTest" name="customerEdit" time="7.933"/>
  <testcase classname="testCases.TC029_CustomerDeleteTest" name="customerDelete" time="2.76"/>
  <testcase classname="testCases.TC030_EmployeeAddTest" name="employeeAdd" time="3.826"/>
  <testcase classname="testCases.TC031_EmployeeEditTest" name="employeeEdit" time="8.118"/>
  <testcase classname="testCases.TC032_EmployeeDeleteTest" name="employeeDelete" time="2.847"/>
</testsuite> <!-- Retry Mulitple Tests -->
