<?xml version="1.0" encoding="UTF-8"?>
<!-- Generated by org.testng.reporters.JUnitXMLReporter -->
<testsuite ignored="6" hostname="tahmid_anon" failures="0" tests="3" name="Test" time="29.359" errors="0" timestamp="2025-03-05T00:05:40 GMT+06:00">
  <testcase classname="testCases.TC027_CustomerAddTest" name="customerAdd" time="3.631"/>
  <testcase classname="testCases.TC028_CustomerEditTest" name="customerEdit" time="8.106"/>
  <testcase classname="testCases.TC029_CustomerDeleteTest" name="customerDelete" time="3.697"/>
  <testcase classname="testCases.TC024_DeliveryBoyAddTest" name="deliveryBoyAdd" time="0.0">
    <ignored/>
  </testcase> <!-- deliveryBoyAdd -->
  <testcase classname="testCases.TC022_AdministratorsEditTest" name="administratorsEdit" time="0.0">
    <ignored/>
  </testcase> <!-- administratorsEdit -->
  <testcase classname="testCases.TC021_AdministratorsAddTest" name="administratorsAdd" time="0.0">
    <ignored/>
  </testcase> <!-- administratorsAdd -->
  <testcase classname="testCases.TC023_AdministratorsDeleteTest" name="administratorsDelete" time="0.0">
    <ignored/>
  </testcase> <!-- administratorsDelete -->
  <testcase classname="testCases.TC026_DeliveryBoyDeleteTest" name="deliveryBoyDelete" time="0.0">
    <ignored/>
  </testcase> <!-- deliveryBoyDelete -->
  <testcase classname="testCases.TC025_DeliveryBoyEditTest" name="deliveryBoyEdit" time="0.0">
    <ignored/>
  </testcase> <!-- deliveryBoyEdit -->
</testsuite> <!-- Test -->
